<?xml version="1.0" encoding="UTF-8"?>
<testsuite name="PhoneBookTest" tests="1" skipped="0" failures="0" errors="0" timestamp="2020-07-15T19:14:49" hostname="LAPTOP-5CB4N6GH" time="25.119">
  <properties/>
  <testcase name="start" classname="PhoneBookTest" time="25.119"/>
  <system-out><![CDATA[?[1;31m
Start test 1?[0m
Start searching (linear search)...
Found 500 / 500 entries. Time taken: 0 min. 4 sec. 969 ms.

Start searching (bubble sort + jump search)...
Found 500 / 500 entries. Time taken: 0 min. 16 sec. 930 ms.
Sorting time: 0 min. 11 sec. 961 ms. - STOPPED, moved to linear search
Searching time: 0 min. 4 sec. 969 ms.

Start searching (quick sort + binary search)...
Found 500 / 500 entries. Time taken: 0 min. 1 sec. 883 ms.
Sorting time: 0 min. 1 sec. 881 ms.
Searching time: 0 min. 0 sec. 2 ms.

Start searching (hash table)...
Found 500 / 500 entries. Time taken: 0 min. 0 sec. 289 ms.
Creating time: 0 min. 0 sec. 289 ms.
Searching time: 0 min. 0 sec. 0 ms.
]]></system-out>
  <system-err><![CDATA[]]></system-err>
</testsuite>
